[2026-06-23T00:42:42.301Z] [INFO] Local cache updated: dust_office_state 
[2026-06-23T00:42:42.315Z] [INFO] Local cache updated: dust_office_state 
[2026-06-23T00:42:53.100Z] [INFO] Local cache updated: dust_office_state 
[2026-06-23T00:42:53.109Z] [INFO] Local cache updated: dust_office_state 
[2026-06-23T00:52:06.080Z] [INFO] Local cache updated: dust_office_state 
[2026-06-23T00:52:06.085Z] [INFO] Local cache updated: dust_office_state 
[2026-06-23T00:54:29.595Z] [INFO] Local cache updated: dust_office_state 
[2026-06-23T00:54:29.600Z] [INFO] Local cache updated: dust_office_state 
[2026-06-23T00:55:00.420Z] [INFO] Local cache updated: dust_office_state 
[2026-06-23T00:55:00.428Z] [INFO] Local cache updated: dust_office_state 
[2026-06-23T01:05:56.271Z] [INFO] Local cache updated: dust_office_state 
[2026-06-23T01:05:56.376Z] [INFO] Local cache updated: dust_office_state 
[2026-06-23T01:10:34.412Z] [INFO] Local cache updated: dust_office_state 
[2026-06-23T01:10:36.047Z] [INFO] Local cache updated: dust_office_state 
[2026-06-23T01:31:40.570Z] [INFO] Local cache updated: dust_office_state 
[2026-06-23T01:31:40.697Z] [INFO] Local cache updated: dust_office_state 
[2026-06-23T01:38:58.085Z] [INFO] Local cache updated: dust_office_state 
[2026-06-23T01:38:59.728Z] [INFO] Local cache updated: dust_office_state 
[2026-06-23T02:00:19.759Z] [INFO] Local cache updated: dust_office_state 
[2026-06-23T02:00:19.781Z] [INFO] Local cache updated: dust_office_state 
[2026-06-23T02:02:58.080Z] [INFO] Local cache updated: dust_office_state 
[2026-06-23T02:02:58.567Z] [INFO] Local cache updated: dust_office_state 
[2026-06-23T02:03:19.917Z] [INFO] Local cache updated: dust_office_state 
[2026-06-23T02:03:20.231Z] [INFO] Local cache updated: dust_office_state 
[2026-06-23T02:06:03.482Z] [INFO] Local cache updated: dust_office_state 
[2026-06-23T02:06:05.076Z] [INFO] Local cache updated: dust_office_state 
[2026-06-23T02:11:29.727Z] [INFO] Local cache updated: dust_office_state 
[2026-06-23T02:11:30.039Z] [INFO] Local cache updated: dust_office_state 
[2026-06-23T02:14:36.019Z] [INFO] Local cache updated: dust_office_state 
[2026-06-23T02:14:36.025Z] [INFO] Local cache updated: dust_office_state 
[2026-06-23T18:28:18.252Z] [INFO] Local cache updated: dust_office_state 
[2026-06-23T18:28:18.298Z] [INFO] Local cache updated: dust_office_state 
[2026-06-23T18:39:44.429Z] [INFO] Local cache updated: dust_office_state 
[2026-06-23T18:39:44.533Z] [INFO] Local cache updated: dust_office_state 
[2026-06-23T19:52:43.503Z] [INFO] Local cache updated: dust_office_state 
[2026-06-23T19:52:43.818Z] [INFO] Local cache updated: dust_office_state 
[2026-06-23T19:55:37.829Z] [INFO] Local cache updated: dust_office_state 
[2026-06-23T19:55:39.490Z] [INFO] Local cache updated: dust_office_state 
[2026-06-23T19:58:22.824Z] [INFO] Local cache updated: dust_office_state 
[2026-06-23T19:58:24.358Z] [INFO] Local cache updated: dust_office_state 
[2026-06-23T20:04:15.530Z] [INFO] Local cache updated: dust_office_state 
[2026-06-23T20:04:15.629Z] [INFO] Local cache updated: dust_office_state 
[2026-06-23T20:20:43.789Z] [ERROR] ErrorBoundary caught an error {"error":"TypeError: Cannot read properties of undefined (reading 'map')","componentStack":"\n    at TerminalPanel (http://localhost:5173/src/OfficeManager.jsx?t=1782245427535:87:26)\n    at div (<anonymous>)\n    at div (<anonymous>)\n    at OfficeManager (http://localhost:5173/src/OfficeManager.jsx?t=1782245427535:260:20)\n    at div (<anonymous>)\n    at ErrorBoundary (http://localhost:5173/src/App.jsx?t=1782244968265:57:3)\n    at main (<anonymous>)\n    at div (<anonymous>)\n    at div (<anonymous>)\n    at App (http://localhost:5173/src/App.jsx?t=1782244968265:550:34)"}
[2026-06-23T20:20:45.093Z] [ERROR] ErrorBoundary caught an error {"error":"TypeError: Cannot read properties of undefined (reading 'map')","componentStack":"\n    at TerminalPanel (http://localhost:5173/src/OfficeManager.jsx?t=1782245427535:87:26)\n    at div (<anonymous>)\n    at div (<anonymous>)\n    at OfficeManager (http://localhost:5173/src/OfficeManager.jsx?t=1782245427535:260:20)\n    at div (<anonymous>)\n    at ErrorBoundary (http://localhost:5173/src/App.jsx?t=1782244968265:57:3)\n    at main (<anonymous>)\n    at div (<anonymous>)\n    at div (<anonymous>)\n    at App (http://localhost:5173/src/App.jsx?t=1782244968265:550:34)"}
[2026-06-23T20:20:45.993Z] [ERROR] ErrorBoundary caught an error {"error":"TypeError: Cannot read properties of undefined (reading 'map')","componentStack":"\n    at TerminalPanel (http://localhost:5173/src/OfficeManager.jsx?t=1782245427535:87:26)\n    at div (<anonymous>)\n    at div (<anonymous>)\n    at OfficeManager (http://localhost:5173/src/OfficeManager.jsx?t=1782245427535:260:20)\n    at div (<anonymous>)\n    at ErrorBoundary (http://localhost:5173/src/App.jsx?t=1782244968265:57:3)\n    at main (<anonymous>)\n    at div (<anonymous>)\n    at div (<anonymous>)\n    at App (http://localhost:5173/src/App.jsx?t=1782244968265:550:34)"}
[2026-06-23T20:20:48.584Z] [ERROR] ErrorBoundary caught an error {"error":"TypeError: Cannot read properties of undefined (reading 'map')","componentStack":"\n    at TerminalPanel (http://localhost:5173/src/OfficeManager.jsx?t=1782245427535:87:26)\n    at div (<anonymous>)\n    at div (<anonymous>)\n    at OfficeManager (http://localhost:5173/src/OfficeManager.jsx?t=1782245427535:260:20)\n    at div (<anonymous>)\n    at ErrorBoundary (http://localhost:5173/src/App.jsx?t=1782244968265:57:3)\n    at main (<anonymous>)\n    at div (<anonymous>)\n    at div (<anonymous>)\n    at App (http://localhost:5173/src/App.jsx?t=1782244968265:550:34)"}
[2026-06-23T20:33:54.235Z] [ERROR] ErrorBoundary caught an error {"error":"TypeError: Cannot read properties of undefined (reading 'map')","componentStack":"\n    at TerminalPanel (http://localhost:5173/src/OfficeManager.jsx?t=1782245427535:87:26)\n    at div (<anonymous>)\n    at div (<anonymous>)\n    at OfficeManager (http://localhost:5173/src/OfficeManager.jsx?t=1782245427535:260:20)\n    at div (<anonymous>)\n    at ErrorBoundary (http://localhost:5173/src/App.jsx?t=1782244968265:57:3)\n    at main (<anonymous>)\n    at div (<anonymous>)\n    at div (<anonymous>)\n    at App (http://localhost:5173/src/App.jsx?t=1782244968265:550:34)"}
[2026-06-23T20:33:57.461Z] [INFO] Local cache updated: dust_office_state 
[2026-06-23T20:33:57.470Z] [INFO] Local cache updated: dust_office_state 
[2026-06-23T20:47:43.405Z] [INFO] Local cache updated: dust_office_state 
[2026-06-23T20:47:43.516Z] [INFO] Local cache updated: dust_office_state 
[2026-06-23T20:50:47.267Z] [INFO] Local cache updated: dust_office_state 
[2026-06-23T20:50:48.886Z] [INFO] Local cache updated: dust_office_state 
[2026-06-23T20:57:25.006Z] [INFO] Local cache updated: dust_office_state 
[2026-06-23T20:57:26.666Z] [INFO] Local cache updated: dust_office_state 
[2026-06-23T21:04:17.189Z] [INFO] Local cache updated: dust_office_state 
[2026-06-23T21:04:17.240Z] [INFO] Local cache updated: dust_office_state 
[2026-06-23T21:08:46.645Z] [INFO] Local cache updated: dust_office_state 
[2026-06-23T21:08:46.958Z] [INFO] Local cache updated: dust_office_state 
[2026-06-23T21:12:43.803Z] [INFO] Local cache updated: dust_office_state 
[2026-06-23T21:12:44.025Z] [INFO] Local cache updated: dust_office_state 
[2026-06-23T21:24:47.694Z] [INFO] Local cache updated: dust_office_state 
[2026-06-23T21:24:48.033Z] [INFO] Local cache updated: dust_office_state 
[2026-06-23T21:55:14.269Z] [INFO] Local cache updated: dust_office_state 
[2026-06-23T21:55:14.905Z] [INFO] Local cache updated: dust_office_state 
[2026-06-23T21:55:14.910Z] [INFO] Local cache updated: dust_office_state 
[2026-06-23T22:01:45.764Z] [INFO] Local cache updated: dust_office_state 
[2026-06-23T22:01:45.884Z] [INFO] Local cache updated: dust_office_state 
[2026-06-23T22:08:35.394Z] [INFO] Local cache updated: dust_office_state 
[2026-06-23T22:08:35.489Z] [INFO] Local cache updated: dust_office_state 
[2026-06-23T22:10:28.800Z] [INFO] Local cache updated: dust_office_state 
[2026-06-23T22:10:28.810Z] [INFO] Local cache updated: dust_office_state 
[2026-06-23T22:57:12.775Z] [INFO] Local cache updated: dust_office_state 
[2026-06-23T22:57:12.784Z] [INFO] Local cache updated: dust_office_state 
[2026-06-23T23:00:20.854Z] [INFO] Local cache updated: dust_office_state 
[2026-06-23T23:00:20.861Z] [INFO] Local cache updated: dust_office_state 
[2026-06-23T23:01:11.726Z] [INFO] Local cache updated: dust_office_state 
[2026-06-23T23:01:11.732Z] [INFO] Local cache updated: dust_office_state 
[2026-06-23T23:06:14.196Z] [INFO] Local cache updated: dust_office_state 
[2026-06-23T23:06:14.253Z] [INFO] Local cache updated: dust_office_state 
[2026-06-23T23:06:31.556Z] [INFO] Local cache updated: dust_office_state 
[2026-06-23T23:06:31.567Z] [INFO] Local cache updated: dust_office_state 
[2026-06-23T23:06:50.527Z] [INFO] Local cache updated: dust_office_state 
[2026-06-23T23:06:50.536Z] [INFO] Local cache updated: dust_office_state 
[2026-06-23T23:07:48.571Z] [INFO] Local cache updated: dust_office_state 
[2026-06-23T23:07:48.580Z] [INFO] Local cache updated: dust_office_state 
[2026-06-23T23:43:01.523Z] [INFO] Local cache updated: dust_office_state 
[2026-06-23T23:43:01.548Z] [INFO] Local cache updated: dust_office_state 
[2026-06-23T23:44:53.658Z] [INFO] Local cache updated: dust_office_state 
[2026-06-23T23:44:53.668Z] [INFO] Local cache updated: dust_office_state 
[2026-06-23T23:45:01.843Z] [INFO] Local cache updated: dust_office_state 
[2026-06-23T23:45:01.860Z] [INFO] Local cache updated: dust_office_state 
[2026-06-23T23:45:16.735Z] [INFO] Local cache updated: dust_office_state 
[2026-06-23T23:45:16.741Z] [INFO] Local cache updated: dust_office_state 
[2026-06-23T23:45:29.582Z] [INFO] Local cache updated: dust_office_state 
[2026-06-23T23:45:29.590Z] [INFO] Local cache updated: dust_office_state 
[2026-06-23T23:59:41.539Z] [INFO] Local cache updated: dust_office_state 
[2026-06-23T23:59:41.591Z] [INFO] Local cache updated: dust_office_state 
[2026-06-24T01:35:23.194Z] [ERROR] ErrorBoundary caught an error {"error":"ReferenceError: DC is not defined","componentStack":"\n    at StudyGuide (http://localhost:5173/src/ModuleManager.jsx?t=1782259179924:289:8)\n    at ErrorBoundary (http://localhost:5173/src/App.jsx?t=1782259179924:59:3)\n    at div (<anonymous>)\n    at div (<anonymous>)\n    at div (<anonymous>)\n    at ModuleManager (http://localhost:5173/src/ModuleManager.jsx?t=1782259179924:334:42)\n    at main (<anonymous>)\n    at div (<anonymous>)\n    at div (<anonymous>)\n    at App (http://localhost:5173/src/App.jsx?t=1782259179924:552:34)"}
[2026-06-24T01:35:24.826Z] [ERROR] ErrorBoundary caught an error {"error":"ReferenceError: DC is not defined","componentStack":"\n    at StudyGuide (http://localhost:5173/src/ModuleManager.jsx?t=1782259179924:289:8)\n    at ErrorBoundary (http://localhost:5173/src/App.jsx?t=1782259179924:59:3)\n    at div (<anonymous>)\n    at div (<anonymous>)\n    at div (<anonymous>)\n    at ModuleManager (http://localhost:5173/src/ModuleManager.jsx?t=1782259179924:334:42)\n    at main (<anonymous>)\n    at div (<anonymous>)\n    at div (<anonymous>)\n    at App (http://localhost:5173/src/App.jsx?t=1782259179924:552:34)"}
[2026-06-24T01:45:05.104Z] [INFO] Local cache updated: dust_office_state 
[2026-06-24T01:45:05.266Z] [INFO] Local cache updated: dust_office_state 
[2026-06-24T01:45:23.941Z] [ERROR] ErrorBoundary caught an error {"error":"ReferenceError: DC is not defined","componentStack":"\n    at StudyGuide (http://localhost:5173/src/ModuleManager.jsx?t=1782259179924:289:8)\n    at ErrorBoundary (http://localhost:5173/src/App.jsx?t=1782259179924:59:3)\n    at div (<anonymous>)\n    at div (<anonymous>)\n    at div (<anonymous>)\n    at ModuleManager (http://localhost:5173/src/ModuleManager.jsx?t=1782259179924:334:42)\n    at main (<anonymous>)\n    at div (<anonymous>)\n    at div (<anonymous>)\n    at App (http://localhost:5173/src/App.jsx?t=1782259179924:552:34)"}
[2026-06-24T01:45:25.323Z] [ERROR] ErrorBoundary caught an error {"error":"ReferenceError: DC is not defined","componentStack":"\n    at StudyGuide (http://localhost:5173/src/ModuleManager.jsx?t=1782259179924:289:8)\n    at ErrorBoundary (http://localhost:5173/src/App.jsx?t=1782259179924:59:3)\n    at div (<anonymous>)\n    at div (<anonymous>)\n    at div (<anonymous>)\n    at ModuleManager (http://localhost:5173/src/ModuleManager.jsx?t=1782259179924:334:42)\n    at main (<anonymous>)\n    at div (<anonymous>)\n    at div (<anonymous>)\n    at App (http://localhost:5173/src/App.jsx?t=1782259179924:552:34)"}
[2026-06-24T01:57:30.252Z] [INFO] Local cache updated: dust_office_state 
[2026-06-24T01:57:30.358Z] [INFO] Local cache updated: dust_office_state 
[2026-06-24T01:57:49.707Z] [INFO] Local cache updated: dust_office_state 
[2026-06-24T01:57:49.715Z] [INFO] Local cache updated: dust_office_state 
[2026-06-24T01:59:24.174Z] [INFO] Local cache updated: dust_office_state 
[2026-06-24T01:59:24.183Z] [INFO] Local cache updated: dust_office_state 
[2026-06-24T02:03:48.410Z] [INFO] Local cache updated: dust_office_state 
[2026-06-24T02:03:48.417Z] [INFO] Local cache updated: dust_office_state 
[2026-06-24T02:33:04.651Z] [INFO] Local cache updated: dust_office_state 
[2026-06-24T02:33:04.674Z] [INFO] Local cache updated: dust_office_state 
[2026-06-24T02:33:51.568Z] [INFO] Local cache updated: dust_office_state 
[2026-06-24T02:33:51.574Z] [INFO] Local cache updated: dust_office_state 
[2026-06-24T02:35:21.739Z] [INFO] Local cache updated: dust_office_state 
[2026-06-24T02:35:21.745Z] [INFO] Local cache updated: dust_office_state 
[2026-06-24T02:40:54.693Z] [INFO] Local cache updated: dust_office_state 
[2026-06-24T02:40:54.702Z] [INFO] Local cache updated: dust_office_state 
[2026-06-24T02:41:47.466Z] [INFO] Local cache updated: dust_office_state 
[2026-06-24T02:41:47.474Z] [INFO] Local cache updated: dust_office_state 
[2026-06-24T02:42:43.741Z] [INFO] Local cache updated: dust_office_state 
[2026-06-24T02:42:43.748Z] [INFO] Local cache updated: dust_office_state 
[2026-06-24T02:44:40.593Z] [INFO] Local cache updated: dust_office_state 
[2026-06-24T02:44:40.603Z] [INFO] Local cache updated: dust_office_state 
[2026-06-24T02:46:56.050Z] [INFO] Local cache updated: dust_office_state 
[2026-06-24T02:46:56.060Z] [INFO] Local cache updated: dust_office_state 
[2026-06-24T02:55:41.054Z] [INFO] Local cache updated: dust_office_state 
[2026-06-24T02:55:42.707Z] [INFO] Local cache updated: dust_office_state 
[2026-06-24T03:03:03.664Z] [INFO] Local cache updated: dust_office_state 
[2026-06-24T03:03:03.677Z] [INFO] Local cache updated: dust_office_state 
[2026-06-24T03:03:54.630Z] [INFO] Local cache updated: dust_office_state 
[2026-06-24T03:03:54.641Z] [INFO] Local cache updated: dust_office_state 
[2026-06-24T03:04:45.683Z] [INFO] Local cache updated: dust_office_state 
[2026-06-24T03:04:45.694Z] [INFO] Local cache updated: dust_office_state 
[2026-06-25T23:39:50.940Z] [INFO] Local cache updated: dust_office_state 
[2026-06-25T23:39:50.947Z] [INFO] Local cache updated: dust_office_state 
[2026-06-26T01:08:41.654Z] [INFO] Local cache updated: dust_office_state 
[2026-06-26T01:08:41.771Z] [INFO] Local cache updated: dust_office_state 
[2026-06-26T01:09:41.854Z] [INFO] Cleanup Agent: UI minimized due to inactivity. 
[2026-06-26T01:23:23.866Z] [INFO] Cleanup Agent: UI minimized due to inactivity. 
[2026-06-26T01:28:00.842Z] [INFO] Cleanup Agent: UI minimized due to inactivity. 
[2026-06-26T01:30:02.163Z] [INFO] Local cache updated: dust_office_state 
[2026-06-26T01:30:02.168Z] [INFO] Local cache updated: dust_office_state 
[2026-06-26T01:30:16.148Z] [INFO] Local cache updated: dust_office_state 
[2026-06-26T01:30:16.156Z] [INFO] Local cache updated: dust_office_state 
[2026-06-26T01:31:16.846Z] [INFO] Cleanup Agent: UI minimized due to inactivity. 
[2026-06-26T01:33:07.844Z] [INFO] Cleanup Agent: UI minimized due to inactivity. 
[2026-06-26T01:33:09.139Z] [INFO] Local cache updated: dust_office_state 
[2026-06-26T01:33:09.143Z] [INFO] Local cache updated: dust_office_state 
[2026-06-26T01:33:34.129Z] [INFO] Local cache updated: dust_office_state 
[2026-06-26T01:33:34.142Z] [INFO] Local cache updated: dust_office_state 
[2026-06-26T01:34:34.858Z] [INFO] Cleanup Agent: UI minimized due to inactivity. 
[2026-06-26T01:36:52.840Z] [INFO] Cleanup Agent: UI minimized due to inactivity. 
[2026-06-26T01:48:37.841Z] [INFO] Cleanup Agent: UI minimized due to inactivity. 
[2026-06-26T20:46:22.015Z] [INFO] Local cache updated: dust_office_state 
[2026-06-26T20:46:22.109Z] [INFO] Local cache updated: dust_office_state 
[2026-06-26T20:47:13.217Z] [INFO] Local cache updated: dust_office_state 
[2026-06-26T20:47:13.318Z] [INFO] Local cache updated: dust_office_state 
[2026-06-26T20:50:31.249Z] [INFO] Cleanup Agent: UI minimized due to inactivity. 
[2026-06-26T21:12:29.369Z] [INFO] Local cache updated: dust_office_state 
[2026-06-26T21:12:29.398Z] [INFO] Local cache updated: dust_office_state 
[2026-06-26T21:12:30.907Z] [INFO] Local cache updated: dust_office_state 
[2026-06-26T21:12:30.931Z] [INFO] Local cache updated: dust_office_state 
[2026-06-26T21:13:31.242Z] [INFO] Cleanup Agent: UI minimized due to inactivity. 
[2026-06-26T21:14:20.239Z] [INFO] Cleanup Protocol ativado por inatividade. 
[2026-06-26T21:14:20.243Z] [INFO] Cleanup Protocol ativado por inatividade. 
[2026-06-26T21:17:35.689Z] [INFO] Cleanup Protocol desativado. 
[2026-06-26T21:17:35.694Z] [INFO] Cleanup Protocol desativado. 
[2026-06-26T21:19:23.236Z] [INFO] Cleanup Agent: UI minimized due to inactivity. 
[2026-06-26T21:20:20.259Z] [INFO] Cleanup Protocol ativado por inatividade. 
[2026-06-26T21:20:20.269Z] [INFO] Cleanup Protocol ativado por inatividade. 
[2026-06-26T21:20:24.001Z] [INFO] Cleanup Protocol desativado. 
[2026-06-26T21:20:25.077Z] [INFO] Cleanup Protocol desativado. 
[2026-06-26T21:20:26.125Z] [INFO] Local cache updated: dust_office_state 
[2026-06-26T21:20:26.147Z] [INFO] Local cache updated: dust_office_state 
[2026-06-26T21:21:32.259Z] [INFO] Cleanup Agent: UI minimized due to inactivity. 
[2026-06-26T21:22:20.251Z] [INFO] Cleanup Protocol ativado por inatividade. 
[2026-06-26T21:22:20.256Z] [INFO] Cleanup Protocol ativado por inatividade. 
[2026-06-26T21:25:18.480Z] [INFO] Local cache updated: dust_office_state 
[2026-06-26T21:25:18.504Z] [INFO] Local cache updated: dust_office_state 
[2026-06-26T21:25:19.366Z] [INFO] Local cache updated: dust_office_state 
[2026-06-26T21:25:19.369Z] [INFO] Local cache updated: dust_office_state 
[2026-06-26T21:26:20.262Z] [INFO] Cleanup Agent: UI minimized due to inactivity. 
[2026-06-26T21:26:20.264Z] [INFO] Cleanup Protocol ativado por inatividade. 
[2026-06-26T21:26:20.270Z] [INFO] Cleanup Protocol ativado por inatividade. 
[2026-06-26T21:26:40.827Z] [INFO] Local cache updated: dust_office_state 
[2026-06-26T21:26:40.834Z] [INFO] Local cache updated: dust_office_state 
[2026-06-26T21:27:41.248Z] [INFO] Cleanup Agent: UI minimized due to inactivity. 
[2026-06-26T21:28:20.255Z] [INFO] Cleanup Protocol ativado por inatividade. 
[2026-06-26T21:28:20.261Z] [INFO] Cleanup Protocol ativado por inatividade. 
[2026-07-03T00:12:59.335Z] [HIGH] [SCOUT v1.1] Software Predator generated superiority Blueprint against competitor "Vulnerable whatsapp automation Chrome extension tool" (Users: 8,500+ usuários, Rating: 3.2) with Gold Score 18.67/10.
[2026-07-03T01:22:47.365Z] [HIGH] [SCOUT v1.1] Software Predator generated superiority Blueprint against competitor "Vulnerable copywriting tool" (Users: 8,500+ usuários, Rating: 3.2) with Gold Score 28/10.
[2026-07-04T18:46:31.917Z] [INFO] Local cache updated: dust_office_state 
[2026-07-04T18:46:32.361Z] [INFO] Local cache updated: dust_office_state 
[2026-07-04T18:47:31.379Z] [INFO] Cleanup Agent: UI minimized due to inactivity. 
[2026-07-04T18:47:31.380Z] [INFO] Cleanup Protocol ativado por inatividade. 
[2026-07-04T18:47:31.382Z] [INFO] Cleanup Protocol ativado por inatividade. 
[2026-07-04T18:50:21.897Z] [INFO] Local cache updated: dust_office_state 
[2026-07-04T18:50:22.297Z] [INFO] Local cache updated: dust_office_state 
[2026-07-04T18:50:39.146Z] [INFO] Local cache updated: dust_office_state 
[2026-07-04T18:50:39.194Z] [INFO] Local cache updated: dust_office_state 
[2026-07-04T18:50:47.555Z] [INFO] Local cache updated: dust_office_state 
[2026-07-04T18:50:48.135Z] [INFO] Local cache updated: dust_office_state 
[2026-07-04T18:50:55.959Z] [INFO] Local cache updated: dust_office_state 
[2026-07-04T18:50:55.976Z] [INFO] Local cache updated: dust_office_state 
[2026-07-04T18:51:03.639Z] [INFO] Local cache updated: dust_office_state 
[2026-07-04T18:51:03.678Z] [INFO] Local cache updated: dust_office_state 
[2026-07-04T18:51:12.280Z] [INFO] Local cache updated: dust_office_state 
[2026-07-04T18:51:12.362Z] [INFO] Local cache updated: dust_office_state 
[2026-07-04T18:51:20.078Z] [INFO] Local cache updated: dust_office_state 
[2026-07-04T18:51:20.208Z] [INFO] Local cache updated: dust_office_state 
[2026-07-04T18:51:27.813Z] [INFO] Local cache updated: dust_office_state 
[2026-07-04T18:51:28.104Z] [INFO] Local cache updated: dust_office_state 
[2026-07-04T18:51:36.040Z] [INFO] Local cache updated: dust_office_state 
[2026-07-04T18:51:36.047Z] [INFO] Local cache updated: dust_office_state 
[2026-07-04T18:51:50.685Z] [INFO] Local cache updated: dust_office_state 
[2026-07-04T18:51:50.737Z] [INFO] Local cache updated: dust_office_state 
[2026-07-04T18:51:58.182Z] [INFO] Local cache updated: dust_office_state 
[2026-07-04T18:51:58.215Z] [INFO] Local cache updated: dust_office_state 
[2026-07-04T18:52:12.825Z] [INFO] Local cache updated: dust_office_state 
[2026-07-04T18:52:12.853Z] [INFO] Local cache updated: dust_office_state 
[2026-07-04T18:52:13.070Z] [INFO] Local cache updated: dust_office_state 
[2026-07-04T18:52:13.313Z] [INFO] Local cache updated: dust_office_state 
[2026-07-04T18:52:29.428Z] [INFO] Local cache updated: dust_office_state 
[2026-07-04T18:52:29.609Z] [INFO] Local cache updated: dust_office_state 
[2026-07-04T18:52:29.643Z] [INFO] Local cache updated: dust_office_state 
[2026-07-04T18:52:29.679Z] [INFO] Local cache updated: dust_office_state 
[2026-07-04T18:52:38.133Z] [INFO] Local cache updated: dust_office_state 
[2026-07-04T18:52:38.426Z] [INFO] Local cache updated: dust_office_state 
[2026-07-04T18:52:38.583Z] [INFO] Local cache updated: dust_office_state 
[2026-07-04T18:52:38.629Z] [INFO] Local cache updated: dust_office_state 
[2026-07-04T18:52:46.127Z] [INFO] Local cache updated: dust_office_state 
[2026-07-04T18:52:46.240Z] [INFO] Local cache updated: dust_office_state 
[2026-07-04T18:52:46.306Z] [INFO] Local cache updated: dust_office_state 
[2026-07-04T18:52:46.322Z] [INFO] Local cache updated: dust_office_state 
[2026-07-04T18:52:54.964Z] [INFO] Local cache updated: dust_office_state 
[2026-07-04T18:52:55.108Z] [INFO] Local cache updated: dust_office_state 
[2026-07-04T18:52:55.129Z] [INFO] Local cache updated: dust_office_state 
[2026-07-04T18:52:55.159Z] [INFO] Local cache updated: dust_office_state 
[2026-07-04T18:53:03.156Z] [INFO] Local cache updated: dust_office_state 
[2026-07-04T18:53:03.190Z] [INFO] Local cache updated: dust_office_state 
[2026-07-04T18:53:11.437Z] [INFO] Local cache updated: dust_office_state 
[2026-07-04T18:53:11.484Z] [INFO] Local cache updated: dust_office_state 
[2026-07-04T18:53:11.595Z] [INFO] Local cache updated: dust_office_state 
[2026-07-04T18:53:11.673Z] [INFO] Local cache updated: dust_office_state 
[2026-07-04T18:53:26.015Z] [INFO] Local cache updated: dust_office_state 
[2026-07-04T18:53:26.116Z] [INFO] Local cache updated: dust_office_state 
[2026-07-04T18:53:26.248Z] [INFO] Local cache updated: dust_office_state 
[2026-07-04T18:53:26.320Z] [INFO] Local cache updated: dust_office_state 
[2026-07-04T18:53:47.891Z] [INFO] Local cache updated: dust_office_state 
[2026-07-04T18:53:47.978Z] [INFO] Local cache updated: dust_office_state 
[2026-07-04T18:53:47.986Z] [INFO] Local cache updated: dust_office_state 
[2026-07-04T18:53:48.035Z] [INFO] Local cache updated: dust_office_state 
[2026-07-04T18:53:55.770Z] [INFO] Local cache updated: dust_office_state 
[2026-07-04T18:53:55.847Z] [INFO] Local cache updated: dust_office_state 
[2026-07-04T18:53:55.862Z] [INFO] Local cache updated: dust_office_state 
[2026-07-04T18:53:55.918Z] [INFO] Local cache updated: dust_office_state 
[2026-07-04T18:54:03.556Z] [INFO] Local cache updated: dust_office_state 
[2026-07-04T18:54:03.615Z] [INFO] Local cache updated: dust_office_state 
[2026-07-04T18:54:10.962Z] [INFO] Local cache updated: dust_office_state 
[2026-07-04T18:54:11.025Z] [INFO] Local cache updated: dust_office_state 
[2026-07-04T18:54:18.370Z] [INFO] Local cache updated: dust_office_state 
[2026-07-04T18:54:18.431Z] [INFO] Local cache updated: dust_office_state 
[2026-07-04T18:54:33.116Z] [INFO] Local cache updated: dust_office_state 
[2026-07-04T18:54:33.166Z] [INFO] Local cache updated: dust_office_state 
[2026-07-04T18:54:33.265Z] [INFO] Local cache updated: dust_office_state 
[2026-07-04T18:54:33.334Z] [INFO] Local cache updated: dust_office_state 
[2026-07-04T18:54:41.053Z] [INFO] Local cache updated: dust_office_state 
[2026-07-04T18:54:41.132Z] [INFO] Local cache updated: dust_office_state 
[2026-07-04T18:54:48.281Z] [INFO] Local cache updated: dust_office_state 
[2026-07-04T18:54:48.302Z] [INFO] Local cache updated: dust_office_state 
[2026-07-04T18:54:55.584Z] [INFO] Local cache updated: dust_office_state 
[2026-07-04T18:54:55.631Z] [INFO] Local cache updated: dust_office_state 
[2026-07-04T18:55:03.300Z] [INFO] Local cache updated: dust_office_state 
[2026-07-04T18:55:03.309Z] [INFO] Local cache updated: dust_office_state 
[2026-07-04T18:55:10.407Z] [INFO] Local cache updated: dust_office_state 
[2026-07-04T18:55:10.495Z] [INFO] Local cache updated: dust_office_state 
[2026-07-04T18:55:25.335Z] [INFO] Local cache updated: dust_office_state 
[2026-07-04T18:55:25.347Z] [INFO] Local cache updated: dust_office_state 
[2026-07-04T18:55:25.423Z] [INFO] Local cache updated: dust_office_state 
[2026-07-04T18:55:25.427Z] [INFO] Local cache updated: dust_office_state 
[2026-07-04T18:55:33.306Z] [INFO] Local cache updated: dust_office_state 
[2026-07-04T18:55:33.386Z] [INFO] Local cache updated: dust_office_state 
[2026-07-04T18:55:33.425Z] [INFO] Local cache updated: dust_office_state 
[2026-07-04T18:55:33.428Z] [INFO] Local cache updated: dust_office_state 
[2026-07-04T18:55:40.916Z] [INFO] Local cache updated: dust_office_state 
[2026-07-04T18:55:40.956Z] [INFO] Local cache updated: dust_office_state 
[2026-07-04T18:55:55.436Z] [INFO] Local cache updated: dust_office_state 
[2026-07-04T18:55:55.448Z] [INFO] Local cache updated: dust_office_state 
[2026-07-04T18:55:55.569Z] [INFO] Local cache updated: dust_office_state 
[2026-07-04T18:55:55.578Z] [INFO] Local cache updated: dust_office_state 
[2026-07-04T18:56:03.897Z] [INFO] Local cache updated: dust_office_state 
[2026-07-04T18:56:03.990Z] [INFO] Local cache updated: dust_office_state 
[2026-07-04T18:56:04.085Z] [INFO] Local cache updated: dust_office_state 
[2026-07-04T18:56:04.118Z] [INFO] Local cache updated: dust_office_state 
[2026-07-04T18:56:18.599Z] [INFO] Local cache updated: dust_office_state 
[2026-07-04T18:56:18.667Z] [INFO] Local cache updated: dust_office_state 
[2026-07-04T18:56:18.679Z] [INFO] Local cache updated: dust_office_state 
[2026-07-04T18:56:18.726Z] [INFO] Local cache updated: dust_office_state 
[2026-07-04T18:56:26.842Z] [INFO] Local cache updated: dust_office_state 
[2026-07-04T18:56:26.901Z] [INFO] Local cache updated: dust_office_state 
[2026-07-04T18:56:34.177Z] [INFO] Local cache updated: dust_office_state 
[2026-07-04T18:56:34.247Z] [INFO] Local cache updated: dust_office_state 
[2026-07-04T18:56:48.364Z] [INFO] Local cache updated: dust_office_state 
[2026-07-04T18:56:48.414Z] [INFO] Local cache updated: dust_office_state 
[2026-07-04T18:56:56.430Z] [INFO] Local cache updated: dust_office_state 
[2026-07-04T18:56:56.459Z] [INFO] Local cache updated: dust_office_state 
[2026-07-04T18:57:04.316Z] [INFO] Local cache updated: dust_office_state 
[2026-07-04T18:57:04.370Z] [INFO] Local cache updated: dust_office_state 
[2026-07-04T18:57:04.818Z] [INFO] Local cache updated: dust_office_state 
[2026-07-04T18:57:04.896Z] [INFO] Local cache updated: dust_office_state 
[2026-07-04T18:57:26.078Z] [INFO] Local cache updated: dust_office_state 
[2026-07-04T18:57:26.105Z] [INFO] Local cache updated: dust_office_state 
[2026-07-04T18:57:26.214Z] [INFO] Local cache updated: dust_office_state 
[2026-07-04T18:57:26.249Z] [INFO] Local cache updated: dust_office_state 
[2026-07-04T18:57:33.784Z] [INFO] Local cache updated: dust_office_state 
[2026-07-04T18:57:33.843Z] [INFO] Local cache updated: dust_office_state 
[2026-07-04T18:57:41.122Z] [INFO] Local cache updated: dust_office_state 
[2026-07-04T18:57:41.200Z] [INFO] Local cache updated: dust_office_state 
[2026-07-04T18:57:48.165Z] [INFO] Local cache updated: dust_office_state 
[2026-07-04T18:57:48.169Z] [INFO] Local cache updated: dust_office_state 
[2026-07-04T18:58:02.314Z] [INFO] Local cache updated: dust_office_state 
[2026-07-04T18:58:02.366Z] [INFO] Local cache updated: dust_office_state 
[2026-07-04T18:58:10.311Z] [INFO] Local cache updated: dust_office_state 
[2026-07-04T18:58:10.337Z] [INFO] Local cache updated: dust_office_state 
[2026-07-04T18:58:10.565Z] [INFO] Local cache updated: dust_office_state 
[2026-07-04T18:58:10.657Z] [INFO] Local cache updated: dust_office_state 
[2026-07-04T18:58:25.159Z] [INFO] Local cache updated: dust_office_state 
[2026-07-04T18:58:25.293Z] [INFO] Local cache updated: dust_office_state 
[2026-07-04T18:58:25.326Z] [INFO] Local cache updated: dust_office_state 
[2026-07-04T18:58:25.387Z] [INFO] Local cache updated: dust_office_state 
[2026-07-04T18:58:33.008Z] [INFO] Local cache updated: dust_office_state 
[2026-07-04T18:58:33.088Z] [INFO] Local cache updated: dust_office_state 
[2026-07-04T18:58:33.399Z] [INFO] Local cache updated: dust_office_state 
[2026-07-04T18:58:33.450Z] [INFO] Local cache updated: dust_office_state 
[2026-07-04T18:58:41.302Z] [INFO] Local cache updated: dust_office_state 
[2026-07-04T18:58:41.309Z] [INFO] Local cache updated: dust_office_state 
[2026-07-04T18:58:41.374Z] [INFO] Local cache updated: dust_office_state 
[2026-07-04T18:58:41.455Z] [INFO] Local cache updated: dust_office_state 
[2026-07-04T18:58:48.787Z] [INFO] Local cache updated: dust_office_state 
[2026-07-04T18:58:48.876Z] [INFO] Local cache updated: dust_office_state 
[2026-07-04T18:58:49.083Z] [INFO] Local cache updated: dust_office_state 
[2026-07-04T18:58:49.096Z] [INFO] Local cache updated: dust_office_state 
[2026-07-04T18:59:10.877Z] [INFO] Local cache updated: dust_office_state 
[2026-07-04T18:59:10.926Z] [INFO] Local cache updated: dust_office_state 
[2026-07-04T18:59:10.990Z] [INFO] Local cache updated: dust_office_state 
[2026-07-04T18:59:11.066Z] [INFO] Local cache updated: dust_office_state 
[2026-07-04T18:59:18.811Z] [INFO] Local cache updated: dust_office_state 
[2026-07-04T18:59:18.829Z] [INFO] Local cache updated: dust_office_state 
[2026-07-04T18:59:26.462Z] [INFO] Local cache updated: dust_office_state 
[2026-07-04T18:59:26.486Z] [INFO] Local cache updated: dust_office_state 
[2026-07-04T18:59:26.668Z] [INFO] Local cache updated: dust_office_state 
[2026-07-04T18:59:26.814Z] [INFO] Local cache updated: dust_office_state 
[2026-07-04T18:59:42.353Z] [INFO] Local cache updated: dust_office_state 
[2026-07-04T18:59:42.491Z] [INFO] Local cache updated: dust_office_state 
[2026-07-04T18:59:42.640Z] [INFO] Local cache updated: dust_office_state 
[2026-07-04T18:59:42.726Z] [INFO] Local cache updated: dust_office_state 
[2026-07-04T18:59:51.123Z] [INFO] Local cache updated: dust_office_state 
[2026-07-04T18:59:51.159Z] [INFO] Local cache updated: dust_office_state 
[2026-07-04T18:59:51.504Z] [INFO] Local cache updated: dust_office_state 
[2026-07-04T18:59:51.578Z] [INFO] Local cache updated: dust_office_state 
[2026-07-04T18:59:59.633Z] [INFO] Local cache updated: dust_office_state 
[2026-07-04T18:59:59.664Z] [INFO] Local cache updated: dust_office_state 
[2026-07-04T18:59:59.783Z] [INFO] Local cache updated: dust_office_state 
[2026-07-04T18:59:59.844Z] [INFO] Local cache updated: dust_office_state 
[2026-07-04T19:00:14.701Z] [INFO] Local cache updated: dust_office_state 
[2026-07-04T19:00:14.718Z] [INFO] Local cache updated: dust_office_state 
[2026-07-04T19:00:14.762Z] [INFO] Local cache updated: dust_office_state 
[2026-07-04T19:00:14.764Z] [INFO] Local cache updated: dust_office_state 
[2026-07-04T19:00:22.759Z] [INFO] Local cache updated: dust_office_state 
[2026-07-04T19:00:22.886Z] [INFO] Local cache updated: dust_office_state 
[2026-07-04T19:00:22.887Z] [INFO] Local cache updated: dust_office_state 
[2026-07-04T19:00:22.997Z] [INFO] Local cache updated: dust_office_state 
[2026-07-04T19:00:30.872Z] [INFO] Local cache updated: dust_office_state 
[2026-07-04T19:00:30.929Z] [INFO] Local cache updated: dust_office_state 
[2026-07-04T19:00:37.885Z] [INFO] Local cache updated: dust_office_state 
[2026-07-04T19:00:37.955Z] [INFO] Local cache updated: dust_office_state 
[2026-07-04T19:00:45.277Z] [INFO] Local cache updated: dust_office_state 
[2026-07-04T19:00:45.283Z] [INFO] Local cache updated: dust_office_state 
[2026-07-04T19:00:59.982Z] [INFO] Local cache updated: dust_office_state 
[2026-07-04T19:01:00.049Z] [INFO] Local cache updated: dust_office_state 
[2026-07-04T19:01:00.050Z] [INFO] Local cache updated: dust_office_state 
[2026-07-04T19:01:00.155Z] [INFO] Local cache updated: dust_office_state 
[2026-07-04T19:01:08.240Z] [INFO] Local cache updated: dust_office_state 
[2026-07-04T19:01:08.331Z] [INFO] Local cache updated: dust_office_state 
[2026-07-04T19:01:08.472Z] [INFO] Local cache updated: dust_office_state 
[2026-07-04T19:01:08.638Z] [INFO] Local cache updated: dust_office_state 
[2026-07-04T19:01:16.171Z] [INFO] Local cache updated: dust_office_state 
[2026-07-04T19:01:16.190Z] [INFO] Local cache updated: dust_office_state 
[2026-07-04T19:01:16.221Z] [INFO] Local cache updated: dust_office_state 
[2026-07-04T19:01:16.263Z] [INFO] Local cache updated: dust_office_state 
[2026-07-04T19:01:23.855Z] [INFO] Local cache updated: dust_office_state 
[2026-07-04T19:01:23.941Z] [INFO] Local cache updated: dust_office_state 
[2026-07-04T19:01:24.189Z] [INFO] Local cache updated: dust_office_state 
[2026-07-04T19:01:24.230Z] [INFO] Local cache updated: dust_office_state 
[2026-07-04T19:01:45.019Z] [INFO] Local cache updated: dust_office_state 
[2026-07-04T19:01:45.031Z] [INFO] Local cache updated: dust_office_state 
[2026-07-04T19:01:45.072Z] [INFO] Local cache updated: dust_office_state 
[2026-07-04T19:01:45.073Z] [INFO] Local cache updated: dust_office_state 
[2026-07-04T19:01:53.192Z] [INFO] Local cache updated: dust_office_state 
[2026-07-04T19:01:53.342Z] [INFO] Local cache updated: dust_office_state 
[2026-07-04T19:01:53.369Z] [INFO] Local cache updated: dust_office_state 
[2026-07-04T19:01:53.393Z] [INFO] Local cache updated: dust_office_state 
[2026-07-04T19:02:01.549Z] [INFO] Local cache updated: dust_office_state 
[2026-07-04T19:02:01.810Z] [INFO] Local cache updated: dust_office_state 
[2026-07-04T19:02:01.828Z] [INFO] Local cache updated: dust_office_state 
[2026-07-04T19:02:01.844Z] [INFO] Local cache updated: dust_office_state 
[2026-07-04T19:02:09.523Z] [INFO] Local cache updated: dust_office_state 
[2026-07-04T19:02:09.578Z] [INFO] Local cache updated: dust_office_state 
[2026-07-04T19:02:09.755Z] [INFO] Local cache updated: dust_office_state 
[2026-07-04T19:02:09.852Z] [INFO] Local cache updated: dust_office_state 
[2026-07-04T19:02:21.584Z] [INFO] Local cache updated: dust_office_state 
[2026-07-04T19:02:21.597Z] [INFO] Local cache updated: dust_office_state 
[2026-07-04T19:02:21.730Z] [INFO] Local cache updated: dust_office_state 
[2026-07-04T19:02:21.741Z] [INFO] Local cache updated: dust_office_state 
[2026-07-04T19:02:28.334Z] [INFO] Local cache updated: dust_office_state 
[2026-07-04T19:02:28.388Z] [INFO] Local cache updated: dust_office_state 
[2026-07-04T19:02:34.721Z] [INFO] Local cache updated: dust_office_state 
[2026-07-04T19:02:34.784Z] [INFO] Local cache updated: dust_office_state 
[2026-07-04T19:02:49.165Z] [INFO] Local cache updated: dust_office_state 
[2026-07-04T19:02:49.188Z] [INFO] Local cache updated: dust_office_state 
[2026-07-04T19:02:49.231Z] [INFO] Local cache updated: dust_office_state 
[2026-07-04T19:02:49.372Z] [INFO] Local cache updated: dust_office_state 
[2026-07-04T19:02:57.607Z] [INFO] Local cache updated: dust_office_state 
[2026-07-04T19:02:57.674Z] [INFO] Local cache updated: dust_office_state 
[2026-07-04T19:03:04.745Z] [INFO] Local cache updated: dust_office_state 
[2026-07-04T19:03:04.856Z] [INFO] Local cache updated: dust_office_state 
[2026-07-04T19:03:12.090Z] [INFO] Local cache updated: dust_office_state 
[2026-07-04T19:03:12.154Z] [INFO] Local cache updated: dust_office_state 
[2026-07-04T19:03:19.631Z] [INFO] Local cache updated: dust_office_state 
[2026-07-04T19:03:19.647Z] [INFO] Local cache updated: dust_office_state 
[2026-07-04T19:03:28.187Z] [INFO] Local cache updated: dust_office_state 
[2026-07-04T19:03:28.319Z] [INFO] Local cache updated: dust_office_state 
[2026-07-04T19:03:54.275Z] [INFO] Local cache updated: dust_office_state 
[2026-07-04T19:03:54.329Z] [INFO] Local cache updated: dust_office_state 
[2026-07-04T19:03:54.483Z] [INFO] Local cache updated: dust_office_state 
[2026-07-04T19:03:54.486Z] [INFO] Local cache updated: dust_office_state 
[2026-07-04T19:04:11.721Z] [INFO] Local cache updated: dust_office_state 
[2026-07-04T19:04:11.764Z] [INFO] Local cache updated: dust_office_state 
[2026-07-04T19:04:11.859Z] [INFO] Local cache updated: dust_office_state 
[2026-07-04T19:04:11.880Z] [INFO] Local cache updated: dust_office_state 
[2026-07-04T19:04:32.054Z] [INFO] Local cache updated: dust_office_state 
[2026-07-04T19:04:32.079Z] [INFO] Local cache updated: dust_office_state 
[2026-07-04T19:04:32.264Z] [INFO] Local cache updated: dust_office_state 
[2026-07-04T19:04:32.324Z] [INFO] Local cache updated: dust_office_state 
[2026-07-04T19:05:33.599Z] [INFO] Local cache updated: dust_office_state 
[2026-07-04T19:05:33.668Z] [INFO] Local cache updated: dust_office_state 
[2026-07-04T19:05:33.756Z] [INFO] Local cache updated: dust_office_state 
[2026-07-04T19:05:33.759Z] [INFO] Local cache updated: dust_office_state 
[2026-07-04T19:05:53.716Z] [INFO] Local cache updated: dust_office_state 
[2026-07-04T19:05:53.821Z] [INFO] Local cache updated: dust_office_state 
[2026-07-04T19:05:53.843Z] [INFO] Local cache updated: dust_office_state 
[2026-07-04T19:05:53.846Z] [INFO] Local cache updated: dust_office_state 
[2026-07-04T19:06:04.884Z] [INFO] Local cache updated: dust_office_state 
[2026-07-04T19:06:05.009Z] [INFO] Local cache updated: dust_office_state 
[2026-07-04T19:06:05.138Z] [INFO] Local cache updated: dust_office_state 
[2026-07-04T19:06:13.226Z] [INFO] Local cache updated: dust_office_state 
[2026-07-04T19:06:51.584Z] [INFO] Local cache updated: dust_office_state 
[2026-07-04T19:06:51.686Z] [INFO] Local cache updated: dust_office_state 
[2026-07-04T19:06:51.815Z] [INFO] Local cache updated: dust_office_state 
[2026-07-04T19:06:51.818Z] [INFO] Local cache updated: dust_office_state 
[2026-07-04T19:06:58.838Z] [INFO] Local cache updated: dust_office_state 
[2026-07-04T19:06:58.905Z] [INFO] Local cache updated: dust_office_state 
[2026-07-04T19:07:04.891Z] [INFO] Local cache updated: dust_office_state 
[2026-07-04T19:07:04.958Z] [INFO] Local cache updated: dust_office_state 
[2026-07-04T19:07:12.873Z] [INFO] Local cache updated: dust_office_state 
[2026-07-04T19:07:13.009Z] [INFO] Local cache updated: dust_office_state 
[2026-07-04T19:07:13.267Z] [INFO] Local cache updated: dust_office_state 
[2026-07-04T19:07:13.296Z] [INFO] Local cache updated: dust_office_state 
[2026-07-04T19:07:28.381Z] [INFO] Local cache updated: dust_office_state 
[2026-07-04T19:07:28.518Z] [INFO] Local cache updated: dust_office_state 
[2026-07-04T19:07:28.570Z] [INFO] Local cache updated: dust_office_state 
[2026-07-04T19:07:28.582Z] [INFO] Local cache updated: dust_office_state 
[2026-07-04T19:07:40.341Z] [INFO] Local cache updated: dust_office_state 
[2026-07-04T19:07:40.350Z] [INFO] Local cache updated: dust_office_state 
[2026-07-04T19:07:40.382Z] [INFO] Local cache updated: dust_office_state 
[2026-07-04T19:07:40.421Z] [INFO] Local cache updated: dust_office_state 
[2026-07-04T19:07:49.230Z] [INFO] Local cache updated: dust_office_state 
[2026-07-04T19:07:49.244Z] [INFO] Local cache updated: dust_office_state 
[2026-07-04T19:07:49.257Z] [INFO] Local cache updated: dust_office_state 
[2026-07-04T19:07:49.261Z] [INFO] Local cache updated: dust_office_state 
[2026-07-04T19:07:57.027Z] [INFO] Local cache updated: dust_office_state 
[2026-07-04T19:07:57.109Z] [INFO] Local cache updated: dust_office_state 
[2026-07-04T19:07:57.114Z] [INFO] Local cache updated: dust_office_state 
[2026-07-04T19:07:57.193Z] [INFO] Local cache updated: dust_office_state 
[2026-07-04T19:08:04.477Z] [INFO] Local cache updated: dust_office_state 
[2026-07-04T19:08:04.550Z] [INFO] Local cache updated: dust_office_state 
[2026-07-04T19:08:04.792Z] [INFO] Local cache updated: dust_office_state 
[2026-07-04T19:08:05.069Z] [INFO] Local cache updated: dust_office_state 
[2026-07-04T19:08:16.616Z] [INFO] Local cache updated: dust_office_state 
[2026-07-04T19:08:16.934Z] [INFO] Local cache updated: dust_office_state 
[2026-07-04T19:08:16.940Z] [INFO] Local cache updated: dust_office_state 
[2026-07-04T19:08:17.074Z] [INFO] Local cache updated: dust_office_state 
[2026-07-04T19:08:29.558Z] [INFO] Local cache updated: dust_office_state 
[2026-07-04T19:08:29.718Z] [INFO] Local cache updated: dust_office_state 
[2026-07-04T19:08:29.908Z] [INFO] Local cache updated: dust_office_state 
[2026-07-04T19:08:29.911Z] [INFO] Local cache updated: dust_office_state 
[2026-07-04T19:08:40.725Z] [INFO] Local cache updated: dust_office_state 
[2026-07-04T19:08:41.177Z] [INFO] Local cache updated: dust_office_state 
[2026-07-04T19:08:41.179Z] [INFO] Local cache updated: dust_office_state 
[2026-07-04T19:08:41.276Z] [INFO] Local cache updated: dust_office_state 
[2026-07-04T19:08:47.525Z] [INFO] Local cache updated: dust_office_state 
[2026-07-04T19:08:47.568Z] [INFO] Local cache updated: dust_office_state 
[2026-07-04T19:08:53.150Z] [INFO] Local cache updated: dust_office_state 
[2026-07-04T19:08:53.465Z] [INFO] Local cache updated: dust_office_state 
[2026-07-04T19:09:05.135Z] [INFO] Local cache updated: dust_office_state 
[2026-07-04T19:09:05.136Z] [INFO] Local cache updated: dust_office_state 
[2026-07-04T19:09:05.241Z] [INFO] Local cache updated: dust_office_state 
[2026-07-04T19:09:05.271Z] [INFO] Local cache updated: dust_office_state 
[2026-07-04T19:09:11.406Z] [INFO] Local cache updated: dust_office_state 
[2026-07-04T19:09:11.425Z] [INFO] Local cache updated: dust_office_state 
[2026-07-04T19:09:17.123Z] [INFO] Local cache updated: dust_office_state 
[2026-07-04T19:09:17.180Z] [INFO] Local cache updated: dust_office_state 
[2026-07-04T19:09:23.142Z] [INFO] Local cache updated: dust_office_state 
[2026-07-04T19:09:23.176Z] [INFO] Local cache updated: dust_office_state 
[2026-07-04T19:09:28.332Z] [INFO] Local cache updated: dust_office_state 
[2026-07-04T19:09:28.641Z] [INFO] Local cache updated: dust_office_state 
[2026-07-04T19:09:34.279Z] [INFO] Local cache updated: dust_office_state 
[2026-07-04T19:09:34.333Z] [INFO] Local cache updated: dust_office_state 
[2026-07-04T19:09:34.349Z] [INFO] Local cache updated: dust_office_state 
[2026-07-04T19:09:34.381Z] [INFO] Local cache updated: dust_office_state 
[2026-07-04T19:09:40.352Z] [INFO] Local cache updated: dust_office_state 
[2026-07-04T19:09:40.402Z] [INFO] Local cache updated: dust_office_state 
[2026-07-04T19:09:40.412Z] [INFO] Local cache updated: dust_office_state 
[2026-07-04T19:09:40.444Z] [INFO] Local cache updated: dust_office_state 
[2026-07-04T19:09:46.090Z] [INFO] Local cache updated: dust_office_state 
[2026-07-04T19:09:46.191Z] [INFO] Local cache updated: dust_office_state 
[2026-07-04T19:09:46.199Z] [INFO] Local cache updated: dust_office_state 
[2026-07-04T19:09:46.231Z] [INFO] Local cache updated: dust_office_state 
[2026-07-04T19:09:52.032Z] [INFO] Local cache updated: dust_office_state 
[2026-07-04T19:09:52.035Z] [INFO] Local cache updated: dust_office_state 
[2026-07-04T19:09:52.134Z] [INFO] Local cache updated: dust_office_state 
[2026-07-04T19:09:52.138Z] [INFO] Local cache updated: dust_office_state 
[2026-07-04T19:09:57.753Z] [INFO] Local cache updated: dust_office_state 
[2026-07-04T19:09:57.755Z] [INFO] Local cache updated: dust_office_state 
[2026-07-04T19:09:57.829Z] [INFO] Local cache updated: dust_office_state 
[2026-07-04T19:09:57.856Z] [INFO] Local cache updated: dust_office_state 
[2026-07-04T19:10:03.692Z] [INFO] Local cache updated: dust_office_state 
[2026-07-04T19:10:03.698Z] [INFO] Local cache updated: dust_office_state 
[2026-07-04T19:10:03.721Z] [INFO] Local cache updated: dust_office_state 
[2026-07-04T19:10:03.741Z] [INFO] Local cache updated: dust_office_state 
[2026-07-04T19:10:09.684Z] [INFO] Local cache updated: dust_office_state 
[2026-07-04T19:10:09.713Z] [INFO] Local cache updated: dust_office_state 
[2026-07-04T19:10:09.766Z] [INFO] Local cache updated: dust_office_state 
[2026-07-04T19:10:09.778Z] [INFO] Local cache updated: dust_office_state 
[2026-07-04T19:10:16.319Z] [INFO] Local cache updated: dust_office_state 
[2026-07-04T19:10:16.362Z] [INFO] Local cache updated: dust_office_state 
[2026-07-04T19:10:21.428Z] [INFO] Local cache updated: dust_office_state 
[2026-07-04T19:10:21.716Z] [INFO] Local cache updated: dust_office_state 
[2026-07-04T19:10:27.346Z] [INFO] Local cache updated: dust_office_state 
[2026-07-04T19:10:27.390Z] [INFO] Local cache updated: dust_office_state 
[2026-07-04T20:13:24.181Z] [INFO] Local cache updated: dust_office_state 
[2026-07-04T20:13:24.342Z] [INFO] Local cache updated: dust_office_state 
[2026-07-04T20:13:41.143Z] [INFO] Local cache updated: dust_office_state 
[2026-07-04T20:13:41.154Z] [INFO] Local cache updated: dust_office_state 
[2026-07-04T20:13:48.800Z] [INFO] Local cache updated: dust_office_state 
[2026-07-04T20:13:48.814Z] [INFO] Local cache updated: dust_office_state 
[2026-07-04T20:13:54.985Z] [INFO] Local cache updated: dust_office_state 
[2026-07-04T20:13:55.024Z] [INFO] Local cache updated: dust_office_state 
[2026-07-04T20:14:02.003Z] [INFO] Local cache updated: dust_office_state 
[2026-07-04T20:14:02.039Z] [INFO] Local cache updated: dust_office_state 
[2026-07-04T20:14:08.470Z] [INFO] Local cache updated: dust_office_state 
[2026-07-04T20:14:08.514Z] [INFO] Local cache updated: dust_office_state 
[2026-07-04T20:14:14.683Z] [INFO] Local cache updated: dust_office_state 
[2026-07-04T20:14:14.733Z] [INFO] Local cache updated: dust_office_state 
[2026-07-04T20:14:21.127Z] [INFO] Local cache updated: dust_office_state 
[2026-07-04T20:14:21.195Z] [INFO] Local cache updated: dust_office_state 
[2026-07-04T20:14:27.543Z] [INFO] Local cache updated: dust_office_state 
[2026-07-04T20:14:27.555Z] [INFO] Local cache updated: dust_office_state 
[2026-07-04T20:14:33.732Z] [INFO] Local cache updated: dust_office_state 
[2026-07-04T20:14:33.781Z] [INFO] Local cache updated: dust_office_state 
[2026-07-04T20:14:40.241Z] [INFO] Local cache updated: dust_office_state 
[2026-07-04T20:14:40.284Z] [INFO] Local cache updated: dust_office_state 
[2026-07-04T20:14:46.190Z] [INFO] Local cache updated: dust_office_state 
[2026-07-04T20:14:46.207Z] [INFO] Local cache updated: dust_office_state 
[2026-07-04T20:14:52.496Z] [INFO] Local cache updated: dust_office_state 
[2026-07-04T20:14:52.512Z] [INFO] Local cache updated: dust_office_state 
[2026-07-04T20:14:58.460Z] [INFO] Local cache updated: dust_office_state 
[2026-07-04T20:14:58.525Z] [INFO] Local cache updated: dust_office_state 
